<?xml version="1.0" encoding="UTF-8"?>
<!-- Generated by org.testng.reporters.JUnitXMLReporter -->
<testsuite hostname="DESKTOP-D3PBJDK" ignored="0" name="Dollar Days Test" tests="20" failures="0" timestamp="2020-10-03T23:14:29 EDT" time="923.87" errors="0">
  <testcase name="ValidateTaxExemptRequiredFields" time="31.124" classname="com.dollardays.testcases.Team2TaxExemptTestCase"/>
  <testcase name="ValidateTaxExemptRequiredFields" time="23.765" classname="com.dollardays.testcases.Team2TaxExemptTestCase"/>
  <testcase name="ValidateTaxExemptRequiredFields" time="25.579" classname="com.dollardays.testcases.Team2TaxExemptTestCase"/>
  <testcase name="ValidateTaxExemptRequiredFields" time="23.938" classname="com.dollardays.testcases.Team2TaxExemptTestCase"/>
  <testcase name="ValidateTaxExemptRequiredFields" time="24.273" classname="com.dollardays.testcases.Team2TaxExemptTestCase"/>
  <testcase name="ValidateTaxExemptRequiredFields" time="24.48" classname="com.dollardays.testcases.Team2TaxExemptTestCase"/>
  <testcase name="ValidateTaxExemptRequiredFields" time="24.146" classname="com.dollardays.testcases.Team2TaxExemptTestCase"/>
  <testcase name="ValidateTaxExemptRequiredFields" time="29.973" classname="com.dollardays.testcases.Team2TaxExemptTestCase"/>
  <testcase name="ValidateTaxExemptRequiredFields" time="25.271" classname="com.dollardays.testcases.Team2TaxExemptTestCase"/>
  <testcase name="emailPreferences_UserEmailAddressValidation" time="22.984" classname="com.dollardays.testcases.EmailPreferencesValidationsTestCase"/>
  <testcase name="emailPreferences_Checkbox_Validation_AtPageLaunch" time="25.496" classname="com.dollardays.testcases.EmailPreferencesValidationsTestCase"/>
  <testcase name="emailPreferences_checkbox_validation_AtClick" time="59.474" classname="com.dollardays.testcases.EmailPreferencesValidationsTestCase"/>
  <testcase name="EmailPreferences_LinksValidation" time="30.508" classname="com.dollardays.testcases.EmailPreferencesValidationsTestCase"/>
  <testcase name="termAndConditionsPage_LinksValidation" time="34.556" classname="com.dollardays.testcases.EmailPreferencesValidationsTestCase"/>
  <testcase name="VerifyDCEditClick" time="23.529" classname="com.dollardays.testcases.DefaultPaymentMethodScript"/>
  <testcase name="VerifyCardVisible" time="23.77" classname="com.dollardays.testcases.DefaultPaymentMethodScript"/>
  <testcase name="VerifyClickAddNewCard" time="25.545" classname="com.dollardays.testcases.DefaultPaymentMethodScript"/>
  <testcase name="VerifySetDefaultCard" time="23.229" classname="com.dollardays.testcases.DefaultPaymentMethodScript"/>
  <testcase name="VerifyEditOnCard" time="25.296" classname="com.dollardays.testcases.DefaultPaymentMethodScript"/>
  <testcase name="VerifyDeleteCard" time="27.518" classname="com.dollardays.testcases.DefaultPaymentMethodScript"/>
</testsuite> <!-- Dollar Days Test -->
