<?xml version="1.0" encoding="UTF-8"?>
<!-- Generated by org.testng.reporters.JUnitXMLReporter -->
<testsuite ignored="0" hostname="DESKTOP-QPQVQE9" failures="0" tests="21" name="Dollar Days Test" time="585.33" errors="0" timestamp="2020-11-10T07:45:28 EST">
  <testcase classname="com.dollardays.testcases.SortandViewTestcases" name="TC_SortandViewByoptions" time="15.711"/>
  <testcase classname="com.dollardays.testcases.SortandViewTestcases" name="TC_SortandViewByoptions" time="12.85"/>
  <testcase classname="com.dollardays.testcases.SortandViewTestcases" name="TC_SortandViewByoptions" time="15.229"/>
  <testcase classname="com.dollardays.testcases.SortandViewTestcases" name="TC_SortandViewByoptions" time="17.557"/>
  <testcase classname="com.dollardays.testcases.SortandViewTestcases" name="TC_SortandViewByoptions" time="16.214"/>
  <testcase classname="com.dollardays.testcases.SortandViewTestcases" name="TC_SortandViewByoptions" time="17.951"/>
  <testcase classname="com.dollardays.testcases.SortandViewTestcases" name="TC_SortandViewByoptions" time="19.301"/>
  <testcase classname="com.dollardays.testcases.SortandViewTestcases" name="TC_SortandViewByoptions" time="14.702"/>
  <testcase classname="com.dollardays.testcases.SortandViewTestcases" name="TC_SortandViewByoptions" time="17.09"/>
  <testcase classname="com.dollardays.testcases.SortandViewTestcases" name="TC_SortandViewByoptions" time="18.586"/>
  <testcase classname="com.dollardays.testcases.SortandViewTestcases" name="TC_SortandViewByoptions" time="16.19"/>
  <testcase classname="com.dollardays.testcases.SortandViewTestcases" name="TC_SortandViewByoptions" time="18.012"/>
  <testcase classname="com.dollardays.testcases.SortandViewTestcases" name="TC_SortandViewByoptions" time="18.251"/>
  <testcase classname="com.dollardays.testcases.SortandViewTestcases" name="TC_SortandViewByoptions" time="15.503"/>
  <testcase classname="com.dollardays.testcases.SortandViewTestcases" name="TC_SortandViewByoptions" time="17.657"/>
  <testcase classname="com.dollardays.testcases.SortandViewTestcases" name="TC_SortandViewByoptions" time="17.161"/>
  <testcase classname="com.dollardays.testcases.SortandViewTestcases" name="TC_SortandViewByoptions" time="15.309"/>
  <testcase classname="com.dollardays.testcases.SortandViewTestcases" name="TC_SortandViewByoptions" time="17.539"/>
  <testcase classname="com.dollardays.testcases.SortandViewTestcases" name="TC_SortandViewByoptions" time="17.738"/>
  <testcase classname="com.dollardays.testcases.SortandViewTestcases" name="TC_SortandViewByoptions" time="15.652"/>
  <testcase classname="com.dollardays.testcases.SortandViewTestcases" name="TC_SortandViewByoptions" time="18.271"/>
</testsuite> <!-- Dollar Days Test -->
