<?xml version="1.0" encoding="UTF-8"?>
<testng-results ignored="0" total="21" passed="21" failed="0" skipped="0">
  <reporter-output>
  </reporter-output>
  <suite started-at="2020-11-10T07:35:43 EST" name="Suite" finished-at="2020-11-10T07:45:28 EST" duration-ms="585330">
    <groups>
    </groups>
    <test started-at="2020-11-10T07:35:43 EST" name="Dollar Days Test" finished-at="2020-11-10T07:45:28 EST" duration-ms="585330">
      <class name="com.dollardays.testcases.SortandViewTestcases">
        <test-method is-config="true" signature="beforeClass()[pri:0, instance:com.dollardays.testcases.SortandViewTestcases@5aa9e4eb]" started-at="2020-11-10T07:35:43 EST" name="beforeClass" finished-at="2020-11-10T07:35:43 EST" duration-ms="19" status="PASS">
          <reporter-output>
          </reporter-output>
        </test-method> <!-- beforeClass -->
        <test-method is-config="true" signature="setUpBrowser()[pri:0, instance:com.dollardays.testcases.SortandViewTestcases@5aa9e4eb]" started-at="2020-11-10T07:35:44 EST" name="setUpBrowser" finished-at="2020-11-10T07:35:55 EST" duration-ms="10541" status="PASS">
          <reporter-output>
          </reporter-output>
        </test-method> <!-- setUpBrowser -->
        <test-method signature="TC_SortandViewByoptions(java.util.Hashtable)[pri:0, instance:com.dollardays.testcases.SortandViewTestcases@5aa9e4eb]" started-at="2020-11-10T07:35:55 EST" name="TC_SortandViewByoptions" data-provider="dd-dataprovider" finished-at="2020-11-10T07:36:10 EST" duration-ms="15711" status="PASS">
          <params>
            <param index="0">
              <value>
                <![CDATA[{TestCase=SortBy with BestMatch option & View option 12, ProductName=School Backpack, TCID=TC1, SheetName=SortandView, ViewValue=12, Runmode=Yes, UserName=srikanthtesting100@gmail.com, Password=cGFzc3dvcmQxMjM=, SortValue=Best Match}]]>
              </value>
            </param>
          </params>
          <reporter-output>
          </reporter-output>
        </test-method> <!-- TC_SortandViewByoptions -->
        <test-method is-config="true" signature="quit()[pri:0, instance:com.dollardays.testcases.SortandViewTestcases@5aa9e4eb]" started-at="2020-11-10T07:36:10 EST" name="quit" finished-at="2020-11-10T07:36:12 EST" duration-ms="1576" status="PASS">
          <reporter-output>
          </reporter-output>
        </test-method> <!-- quit -->
        <test-method is-config="true" signature="setUpBrowser()[pri:0, instance:com.dollardays.testcases.SortandViewTestcases@5aa9e4eb]" started-at="2020-11-10T07:36:12 EST" name="setUpBrowser" finished-at="2020-11-10T07:36:21 EST" duration-ms="9346" status="PASS">
          <reporter-output>
          </reporter-output>
        </test-method> <!-- setUpBrowser -->
        <test-method signature="TC_SortandViewByoptions(java.util.Hashtable)[pri:0, instance:com.dollardays.testcases.SortandViewTestcases@5aa9e4eb]" started-at="2020-11-10T07:36:21 EST" name="TC_SortandViewByoptions" data-provider="dd-dataprovider" finished-at="2020-11-10T07:36:34 EST" duration-ms="12850" status="PASS">
          <params>
            <param index="0">
              <value>
                <![CDATA[{TestCase=SortBy with Best Match option & View option 24, ProductName=School Backpack, TCID=TC2, SheetName=SortandView, ViewValue=24, Runmode=Yes, UserName=srikanthtesting100@gmail.com, Password=cGFzc3dvcmQxMjM=, SortValue=Best Match}]]>
              </value>
            </param>
          </params>
          <reporter-output>
          </reporter-output>
        </test-method> <!-- TC_SortandViewByoptions -->
        <test-method is-config="true" signature="quit()[pri:0, instance:com.dollardays.testcases.SortandViewTestcases@5aa9e4eb]" started-at="2020-11-10T07:36:34 EST" name="quit" finished-at="2020-11-10T07:36:36 EST" duration-ms="1459" status="PASS">
          <reporter-output>
          </reporter-output>
        </test-method> <!-- quit -->
        <test-method is-config="true" signature="setUpBrowser()[pri:0, instance:com.dollardays.testcases.SortandViewTestcases@5aa9e4eb]" started-at="2020-11-10T07:36:36 EST" name="setUpBrowser" finished-at="2020-11-10T07:36:46 EST" duration-ms="10704" status="PASS">
          <reporter-output>
          </reporter-output>
        </test-method> <!-- setUpBrowser -->
        <test-method signature="TC_SortandViewByoptions(java.util.Hashtable)[pri:0, instance:com.dollardays.testcases.SortandViewTestcases@5aa9e4eb]" started-at="2020-11-10T07:36:46 EST" name="TC_SortandViewByoptions" data-provider="dd-dataprovider" finished-at="2020-11-10T07:37:02 EST" duration-ms="15229" status="PASS">
          <params>
            <param index="0">
              <value>
                <![CDATA[{TestCase=SortBy with Best Match option & View option 48, ProductName=School Backpack, TCID=TC3, SheetName=SortandView, ViewValue=48, Runmode=Yes, UserName=srikanthtesting100@gmail.com, Password=cGFzc3dvcmQxMjM=, SortValue=Best Match}]]>
              </value>
            </param>
          </params>
          <reporter-output>
          </reporter-output>
        </test-method> <!-- TC_SortandViewByoptions -->
        <test-method is-config="true" signature="quit()[pri:0, instance:com.dollardays.testcases.SortandViewTestcases@5aa9e4eb]" started-at="2020-11-10T07:37:02 EST" name="quit" finished-at="2020-11-10T07:37:03 EST" duration-ms="1415" status="PASS">
          <reporter-output>
          </reporter-output>
        </test-method> <!-- quit -->
        <test-method is-config="true" signature="setUpBrowser()[pri:0, instance:com.dollardays.testcases.SortandViewTestcases@5aa9e4eb]" started-at="2020-11-10T07:37:03 EST" name="setUpBrowser" finished-at="2020-11-10T07:37:12 EST" duration-ms="9361" status="PASS">
          <reporter-output>
          </reporter-output>
        </test-method> <!-- setUpBrowser -->
        <test-method signature="TC_SortandViewByoptions(java.util.Hashtable)[pri:0, instance:com.dollardays.testcases.SortandViewTestcases@5aa9e4eb]" started-at="2020-11-10T07:37:12 EST" name="TC_SortandViewByoptions" data-provider="dd-dataprovider" finished-at="2020-11-10T07:37:30 EST" duration-ms="17557" status="PASS">
          <params>
            <param index="0">
              <value>
                <![CDATA[{TestCase=SortBy with Popularity option & View option 12, ProductName=School Backpack, TCID=TC4, SheetName=SortandView, ViewValue=12, Runmode=Yes, UserName=srikanthtesting100@gmail.com, Password=cGFzc3dvcmQxMjM=, SortValue=Popularity}]]>
              </value>
            </param>
          </params>
          <reporter-output>
          </reporter-output>
        </test-method> <!-- TC_SortandViewByoptions -->
        <test-method is-config="true" signature="quit()[pri:0, instance:com.dollardays.testcases.SortandViewTestcases@5aa9e4eb]" started-at="2020-11-10T07:37:30 EST" name="quit" finished-at="2020-11-10T07:37:31 EST" duration-ms="1252" status="PASS">
          <reporter-output>
          </reporter-output>
        </test-method> <!-- quit -->
        <test-method is-config="true" signature="setUpBrowser()[pri:0, instance:com.dollardays.testcases.SortandViewTestcases@5aa9e4eb]" started-at="2020-11-10T07:37:31 EST" name="setUpBrowser" finished-at="2020-11-10T07:37:41 EST" duration-ms="9664" status="PASS">
          <reporter-output>
          </reporter-output>
        </test-method> <!-- setUpBrowser -->
        <test-method signature="TC_SortandViewByoptions(java.util.Hashtable)[pri:0, instance:com.dollardays.testcases.SortandViewTestcases@5aa9e4eb]" started-at="2020-11-10T07:37:41 EST" name="TC_SortandViewByoptions" data-provider="dd-dataprovider" finished-at="2020-11-10T07:37:57 EST" duration-ms="16214" status="PASS">
          <params>
            <param index="0">
              <value>
                <![CDATA[{TestCase=SortBy with Popularity option & View option 24, ProductName=School Backpack, TCID=TC5, SheetName=SortandView, ViewValue=24, Runmode=Yes, UserName=srikanthtesting100@gmail.com, Password=cGFzc3dvcmQxMjM=, SortValue=Popularity}]]>
              </value>
            </param>
          </params>
          <reporter-output>
          </reporter-output>
        </test-method> <!-- TC_SortandViewByoptions -->
        <test-method is-config="true" signature="quit()[pri:0, instance:com.dollardays.testcases.SortandViewTestcases@5aa9e4eb]" started-at="2020-11-10T07:37:57 EST" name="quit" finished-at="2020-11-10T07:37:58 EST" duration-ms="1186" status="PASS">
          <reporter-output>
          </reporter-output>
        </test-method> <!-- quit -->
        <test-method is-config="true" signature="setUpBrowser()[pri:0, instance:com.dollardays.testcases.SortandViewTestcases@5aa9e4eb]" started-at="2020-11-10T07:37:58 EST" name="setUpBrowser" finished-at="2020-11-10T07:38:08 EST" duration-ms="9784" status="PASS">
          <reporter-output>
          </reporter-output>
        </test-method> <!-- setUpBrowser -->
        <test-method signature="TC_SortandViewByoptions(java.util.Hashtable)[pri:0, instance:com.dollardays.testcases.SortandViewTestcases@5aa9e4eb]" started-at="2020-11-10T07:38:08 EST" name="TC_SortandViewByoptions" data-provider="dd-dataprovider" finished-at="2020-11-10T07:38:26 EST" duration-ms="17951" status="PASS">
          <params>
            <param index="0">
              <value>
                <![CDATA[{TestCase=SortBy with Popularity option & View option 48, ProductName=School Backpack, TCID=TC6, SheetName=SortandView, ViewValue=48, Runmode=Yes, UserName=srikanthtesting100@gmail.com, Password=cGFzc3dvcmQxMjM=, SortValue=Popularity}]]>
              </value>
            </param>
          </params>
          <reporter-output>
          </reporter-output>
        </test-method> <!-- TC_SortandViewByoptions -->
        <test-method is-config="true" signature="quit()[pri:0, instance:com.dollardays.testcases.SortandViewTestcases@5aa9e4eb]" started-at="2020-11-10T07:38:26 EST" name="quit" finished-at="2020-11-10T07:38:27 EST" duration-ms="1221" status="PASS">
          <reporter-output>
          </reporter-output>
        </test-method> <!-- quit -->
        <test-method is-config="true" signature="setUpBrowser()[pri:0, instance:com.dollardays.testcases.SortandViewTestcases@5aa9e4eb]" started-at="2020-11-10T07:38:27 EST" name="setUpBrowser" finished-at="2020-11-10T07:38:37 EST" duration-ms="9312" status="PASS">
          <reporter-output>
          </reporter-output>
        </test-method> <!-- setUpBrowser -->
        <test-method signature="TC_SortandViewByoptions(java.util.Hashtable)[pri:0, instance:com.dollardays.testcases.SortandViewTestcases@5aa9e4eb]" started-at="2020-11-10T07:38:37 EST" name="TC_SortandViewByoptions" data-provider="dd-dataprovider" finished-at="2020-11-10T07:38:56 EST" duration-ms="19301" status="PASS">
          <params>
            <param index="0">
              <value>
                <![CDATA[{TestCase=SortBy with NewestFirst option & View option 12, ProductName=School Backpack, TCID=TC7, SheetName=SortandView, ViewValue=12, Runmode=Yes, UserName=srikanthtesting100@gmail.com, Password=cGFzc3dvcmQxMjM=, SortValue=Newest First}]]>
              </value>
            </param>
          </params>
          <reporter-output>
          </reporter-output>
        </test-method> <!-- TC_SortandViewByoptions -->
        <test-method is-config="true" signature="quit()[pri:0, instance:com.dollardays.testcases.SortandViewTestcases@5aa9e4eb]" started-at="2020-11-10T07:38:56 EST" name="quit" finished-at="2020-11-10T07:38:57 EST" duration-ms="1273" status="PASS">
          <reporter-output>
          </reporter-output>
        </test-method> <!-- quit -->
        <test-method is-config="true" signature="setUpBrowser()[pri:0, instance:com.dollardays.testcases.SortandViewTestcases@5aa9e4eb]" started-at="2020-11-10T07:38:57 EST" name="setUpBrowser" finished-at="2020-11-10T07:39:06 EST" duration-ms="9332" status="PASS">
          <reporter-output>
          </reporter-output>
        </test-method> <!-- setUpBrowser -->
        <test-method signature="TC_SortandViewByoptions(java.util.Hashtable)[pri:0, instance:com.dollardays.testcases.SortandViewTestcases@5aa9e4eb]" started-at="2020-11-10T07:39:06 EST" name="TC_SortandViewByoptions" data-provider="dd-dataprovider" finished-at="2020-11-10T07:39:21 EST" duration-ms="14702" status="PASS">
          <params>
            <param index="0">
              <value>
                <![CDATA[{TestCase=SortBy with NewestFirst option & View option 24, ProductName=School Backpack, TCID=TC8, SheetName=SortandView, ViewValue=24, Runmode=Yes, UserName=srikanthtesting100@gmail.com, Password=cGFzc3dvcmQxMjM=, SortValue=Newest First}]]>
              </value>
            </param>
          </params>
          <reporter-output>
          </reporter-output>
        </test-method> <!-- TC_SortandViewByoptions -->
        <test-method is-config="true" signature="quit()[pri:0, instance:com.dollardays.testcases.SortandViewTestcases@5aa9e4eb]" started-at="2020-11-10T07:39:21 EST" name="quit" finished-at="2020-11-10T07:39:22 EST" duration-ms="1181" status="PASS">
          <reporter-output>
          </reporter-output>
        </test-method> <!-- quit -->
        <test-method is-config="true" signature="setUpBrowser()[pri:0, instance:com.dollardays.testcases.SortandViewTestcases@5aa9e4eb]" started-at="2020-11-10T07:39:22 EST" name="setUpBrowser" finished-at="2020-11-10T07:39:32 EST" duration-ms="9722" status="PASS">
          <reporter-output>
          </reporter-output>
        </test-method> <!-- setUpBrowser -->
        <test-method signature="TC_SortandViewByoptions(java.util.Hashtable)[pri:0, instance:com.dollardays.testcases.SortandViewTestcases@5aa9e4eb]" started-at="2020-11-10T07:39:32 EST" name="TC_SortandViewByoptions" data-provider="dd-dataprovider" finished-at="2020-11-10T07:39:49 EST" duration-ms="17090" status="PASS">
          <params>
            <param index="0">
              <value>
                <![CDATA[{TestCase=SortBy with NewestFirst option & View option 48, ProductName=School Backpack, TCID=TC9, SheetName=SortandView, ViewValue=48, Runmode=Yes, UserName=srikanthtesting100@gmail.com, Password=cGFzc3dvcmQxMjM=, SortValue=Newest First}]]>
              </value>
            </param>
          </params>
          <reporter-output>
          </reporter-output>
        </test-method> <!-- TC_SortandViewByoptions -->
        <test-method is-config="true" signature="quit()[pri:0, instance:com.dollardays.testcases.SortandViewTestcases@5aa9e4eb]" started-at="2020-11-10T07:39:49 EST" name="quit" finished-at="2020-11-10T07:39:50 EST" duration-ms="1243" status="PASS">
          <reporter-output>
          </reporter-output>
        </test-method> <!-- quit -->
        <test-method is-config="true" signature="setUpBrowser()[pri:0, instance:com.dollardays.testcases.SortandViewTestcases@5aa9e4eb]" started-at="2020-11-10T07:39:50 EST" name="setUpBrowser" finished-at="2020-11-10T07:40:00 EST" duration-ms="9222" status="PASS">
          <reporter-output>
          </reporter-output>
        </test-method> <!-- setUpBrowser -->
        <test-method signature="TC_SortandViewByoptions(java.util.Hashtable)[pri:0, instance:com.dollardays.testcases.SortandViewTestcases@5aa9e4eb]" started-at="2020-11-10T07:40:00 EST" name="TC_SortandViewByoptions" data-provider="dd-dataprovider" finished-at="2020-11-10T07:40:18 EST" duration-ms="18586" status="PASS">
          <params>
            <param index="0">
              <value>
                <![CDATA[{TestCase=SortBy with Price per Unit LtoH option & View option 12, ProductName=School Backpack, TCID=TC10, SheetName=SortandView, ViewValue=12, Runmode=Yes, UserName=srikanthtesting100@gmail.com, Password=cGFzc3dvcmQxMjM=, SortValue=Price per Unit (Low to high)}]]>
              </value>
            </param>
          </params>
          <reporter-output>
          </reporter-output>
        </test-method> <!-- TC_SortandViewByoptions -->
        <test-method is-config="true" signature="quit()[pri:0, instance:com.dollardays.testcases.SortandViewTestcases@5aa9e4eb]" started-at="2020-11-10T07:40:18 EST" name="quit" finished-at="2020-11-10T07:40:20 EST" duration-ms="1631" status="PASS">
          <reporter-output>
          </reporter-output>
        </test-method> <!-- quit -->
        <test-method is-config="true" signature="setUpBrowser()[pri:0, instance:com.dollardays.testcases.SortandViewTestcases@5aa9e4eb]" started-at="2020-11-10T07:40:20 EST" name="setUpBrowser" finished-at="2020-11-10T07:40:29 EST" duration-ms="9608" status="PASS">
          <reporter-output>
          </reporter-output>
        </test-method> <!-- setUpBrowser -->
        <test-method signature="TC_SortandViewByoptions(java.util.Hashtable)[pri:0, instance:com.dollardays.testcases.SortandViewTestcases@5aa9e4eb]" started-at="2020-11-10T07:40:29 EST" name="TC_SortandViewByoptions" data-provider="dd-dataprovider" finished-at="2020-11-10T07:40:46 EST" duration-ms="16190" status="PASS">
          <params>
            <param index="0">
              <value>
                <![CDATA[{TestCase=SortBy with Price per Unit LtoH option & View option 24, ProductName=School Backpack, TCID=TC11, SheetName=SortandView, ViewValue=24, Runmode=Yes, UserName=srikanthtesting100@gmail.com, Password=cGFzc3dvcmQxMjM=, SortValue=Price per Unit (Low to high)}]]>
              </value>
            </param>
          </params>
          <reporter-output>
          </reporter-output>
        </test-method> <!-- TC_SortandViewByoptions -->
        <test-method is-config="true" signature="quit()[pri:0, instance:com.dollardays.testcases.SortandViewTestcases@5aa9e4eb]" started-at="2020-11-10T07:40:46 EST" name="quit" finished-at="2020-11-10T07:40:47 EST" duration-ms="1346" status="PASS">
          <reporter-output>
          </reporter-output>
        </test-method> <!-- quit -->
        <test-method is-config="true" signature="setUpBrowser()[pri:0, instance:com.dollardays.testcases.SortandViewTestcases@5aa9e4eb]" started-at="2020-11-10T07:40:47 EST" name="setUpBrowser" finished-at="2020-11-10T07:40:56 EST" duration-ms="9213" status="PASS">
          <reporter-output>
          </reporter-output>
        </test-method> <!-- setUpBrowser -->
        <test-method signature="TC_SortandViewByoptions(java.util.Hashtable)[pri:0, instance:com.dollardays.testcases.SortandViewTestcases@5aa9e4eb]" started-at="2020-11-10T07:40:56 EST" name="TC_SortandViewByoptions" data-provider="dd-dataprovider" finished-at="2020-11-10T07:41:14 EST" duration-ms="18012" status="PASS">
          <params>
            <param index="0">
              <value>
                <![CDATA[{TestCase=SortBy with Price per Unit LtoH option & View option 48, ProductName=School Backpack, TCID=TC12, SheetName=SortandView, ViewValue=48, Runmode=Yes, UserName=srikanthtesting100@gmail.com, Password=cGFzc3dvcmQxMjM=, SortValue=Price per Unit (Low to high)}]]>
              </value>
            </param>
          </params>
          <reporter-output>
          </reporter-output>
        </test-method> <!-- TC_SortandViewByoptions -->
        <test-method is-config="true" signature="quit()[pri:0, instance:com.dollardays.testcases.SortandViewTestcases@5aa9e4eb]" started-at="2020-11-10T07:41:14 EST" name="quit" finished-at="2020-11-10T07:41:15 EST" duration-ms="1272" status="PASS">
          <reporter-output>
          </reporter-output>
        </test-method> <!-- quit -->
        <test-method is-config="true" signature="setUpBrowser()[pri:0, instance:com.dollardays.testcases.SortandViewTestcases@5aa9e4eb]" started-at="2020-11-10T07:41:15 EST" name="setUpBrowser" finished-at="2020-11-10T07:41:25 EST" duration-ms="9297" status="PASS">
          <reporter-output>
          </reporter-output>
        </test-method> <!-- setUpBrowser -->
        <test-method signature="TC_SortandViewByoptions(java.util.Hashtable)[pri:0, instance:com.dollardays.testcases.SortandViewTestcases@5aa9e4eb]" started-at="2020-11-10T07:41:25 EST" name="TC_SortandViewByoptions" data-provider="dd-dataprovider" finished-at="2020-11-10T07:41:43 EST" duration-ms="18251" status="PASS">
          <params>
            <param index="0">
              <value>
                <![CDATA[{TestCase=SortBy with Price per Unit HtoL option & View option 12, ProductName=School Backpack, TCID=TC13, SheetName=SortandView, ViewValue=12, Runmode=Yes, UserName=srikanthtesting100@gmail.com, Password=cGFzc3dvcmQxMjM=, SortValue=Price per Unit (High to low)}]]>
              </value>
            </param>
          </params>
          <reporter-output>
          </reporter-output>
        </test-method> <!-- TC_SortandViewByoptions -->
        <test-method is-config="true" signature="quit()[pri:0, instance:com.dollardays.testcases.SortandViewTestcases@5aa9e4eb]" started-at="2020-11-10T07:41:43 EST" name="quit" finished-at="2020-11-10T07:41:44 EST" duration-ms="1224" status="PASS">
          <reporter-output>
          </reporter-output>
        </test-method> <!-- quit -->
        <test-method is-config="true" signature="setUpBrowser()[pri:0, instance:com.dollardays.testcases.SortandViewTestcases@5aa9e4eb]" started-at="2020-11-10T07:41:44 EST" name="setUpBrowser" finished-at="2020-11-10T07:41:55 EST" duration-ms="10345" status="PASS">
          <reporter-output>
          </reporter-output>
        </test-method> <!-- setUpBrowser -->
        <test-method signature="TC_SortandViewByoptions(java.util.Hashtable)[pri:0, instance:com.dollardays.testcases.SortandViewTestcases@5aa9e4eb]" started-at="2020-11-10T07:41:55 EST" name="TC_SortandViewByoptions" data-provider="dd-dataprovider" finished-at="2020-11-10T07:42:10 EST" duration-ms="15503" status="PASS">
          <params>
            <param index="0">
              <value>
                <![CDATA[{TestCase=SortBy with Price per Unit HtoL option & View option 24, ProductName=School Backpack, TCID=TC14, SheetName=SortandView, ViewValue=24, Runmode=Yes, UserName=srikanthtesting100@gmail.com, Password=cGFzc3dvcmQxMjM=, SortValue=Price per Unit (High to low)}]]>
              </value>
            </param>
          </params>
          <reporter-output>
          </reporter-output>
        </test-method> <!-- TC_SortandViewByoptions -->
        <test-method is-config="true" signature="quit()[pri:0, instance:com.dollardays.testcases.SortandViewTestcases@5aa9e4eb]" started-at="2020-11-10T07:42:10 EST" name="quit" finished-at="2020-11-10T07:42:11 EST" duration-ms="1222" status="PASS">
          <reporter-output>
          </reporter-output>
        </test-method> <!-- quit -->
        <test-method is-config="true" signature="setUpBrowser()[pri:0, instance:com.dollardays.testcases.SortandViewTestcases@5aa9e4eb]" started-at="2020-11-10T07:42:11 EST" name="setUpBrowser" finished-at="2020-11-10T07:42:22 EST" duration-ms="10521" status="PASS">
          <reporter-output>
          </reporter-output>
        </test-method> <!-- setUpBrowser -->
        <test-method signature="TC_SortandViewByoptions(java.util.Hashtable)[pri:0, instance:com.dollardays.testcases.SortandViewTestcases@5aa9e4eb]" started-at="2020-11-10T07:42:22 EST" name="TC_SortandViewByoptions" data-provider="dd-dataprovider" finished-at="2020-11-10T07:42:40 EST" duration-ms="17657" status="PASS">
          <params>
            <param index="0">
              <value>
                <![CDATA[{TestCase=SortBy with Price per Unit HtoL option & View option 48, ProductName=School Backpack, TCID=TC15, SheetName=SortandView, ViewValue=48, Runmode=Yes, UserName=srikanthtesting100@gmail.com, Password=cGFzc3dvcmQxMjM=, SortValue=Price per Unit (High to low)}]]>
              </value>
            </param>
          </params>
          <reporter-output>
          </reporter-output>
        </test-method> <!-- TC_SortandViewByoptions -->
        <test-method is-config="true" signature="quit()[pri:0, instance:com.dollardays.testcases.SortandViewTestcases@5aa9e4eb]" started-at="2020-11-10T07:42:40 EST" name="quit" finished-at="2020-11-10T07:42:41 EST" duration-ms="1309" status="PASS">
          <reporter-output>
          </reporter-output>
        </test-method> <!-- quit -->
        <test-method is-config="true" signature="setUpBrowser()[pri:0, instance:com.dollardays.testcases.SortandViewTestcases@5aa9e4eb]" started-at="2020-11-10T07:42:41 EST" name="setUpBrowser" finished-at="2020-11-10T07:42:50 EST" duration-ms="9473" status="PASS">
          <reporter-output>
          </reporter-output>
        </test-method> <!-- setUpBrowser -->
        <test-method signature="TC_SortandViewByoptions(java.util.Hashtable)[pri:0, instance:com.dollardays.testcases.SortandViewTestcases@5aa9e4eb]" started-at="2020-11-10T07:42:50 EST" name="TC_SortandViewByoptions" data-provider="dd-dataprovider" finished-at="2020-11-10T07:43:07 EST" duration-ms="17161" status="PASS">
          <params>
            <param index="0">
              <value>
                <![CDATA[{TestCase=SortBy with Alphabetically & View option 12, ProductName=School Backpack, TCID=TC16, SheetName=SortandView, ViewValue=12, Runmode=Yes, UserName=srikanthtesting100@gmail.com, Password=cGFzc3dvcmQxMjM=, SortValue=Alphabetically by Name}]]>
              </value>
            </param>
          </params>
          <reporter-output>
          </reporter-output>
        </test-method> <!-- TC_SortandViewByoptions -->
        <test-method is-config="true" signature="quit()[pri:0, instance:com.dollardays.testcases.SortandViewTestcases@5aa9e4eb]" started-at="2020-11-10T07:43:07 EST" name="quit" finished-at="2020-11-10T07:43:09 EST" duration-ms="1225" status="PASS">
          <reporter-output>
          </reporter-output>
        </test-method> <!-- quit -->
        <test-method is-config="true" signature="setUpBrowser()[pri:0, instance:com.dollardays.testcases.SortandViewTestcases@5aa9e4eb]" started-at="2020-11-10T07:43:09 EST" name="setUpBrowser" finished-at="2020-11-10T07:43:19 EST" duration-ms="9919" status="PASS">
          <reporter-output>
          </reporter-output>
        </test-method> <!-- setUpBrowser -->
        <test-method signature="TC_SortandViewByoptions(java.util.Hashtable)[pri:0, instance:com.dollardays.testcases.SortandViewTestcases@5aa9e4eb]" started-at="2020-11-10T07:43:19 EST" name="TC_SortandViewByoptions" data-provider="dd-dataprovider" finished-at="2020-11-10T07:43:34 EST" duration-ms="15309" status="PASS">
          <params>
            <param index="0">
              <value>
                <![CDATA[{TestCase=SortBy with Alphabetically & View option 24, ProductName=School Backpack, TCID=TC17, SheetName=SortandView, ViewValue=24, Runmode=Yes, UserName=srikanthtesting100@gmail.com, Password=cGFzc3dvcmQxMjM=, SortValue=Alphabetically by Name}]]>
              </value>
            </param>
          </params>
          <reporter-output>
          </reporter-output>
        </test-method> <!-- TC_SortandViewByoptions -->
        <test-method is-config="true" signature="quit()[pri:0, instance:com.dollardays.testcases.SortandViewTestcases@5aa9e4eb]" started-at="2020-11-10T07:43:34 EST" name="quit" finished-at="2020-11-10T07:43:35 EST" duration-ms="1214" status="PASS">
          <reporter-output>
          </reporter-output>
        </test-method> <!-- quit -->
        <test-method is-config="true" signature="setUpBrowser()[pri:0, instance:com.dollardays.testcases.SortandViewTestcases@5aa9e4eb]" started-at="2020-11-10T07:43:35 EST" name="setUpBrowser" finished-at="2020-11-10T07:43:44 EST" duration-ms="9226" status="PASS">
          <reporter-output>
          </reporter-output>
        </test-method> <!-- setUpBrowser -->
        <test-method signature="TC_SortandViewByoptions(java.util.Hashtable)[pri:0, instance:com.dollardays.testcases.SortandViewTestcases@5aa9e4eb]" started-at="2020-11-10T07:43:44 EST" name="TC_SortandViewByoptions" data-provider="dd-dataprovider" finished-at="2020-11-10T07:44:02 EST" duration-ms="17539" status="PASS">
          <params>
            <param index="0">
              <value>
                <![CDATA[{TestCase=SortBy with Alphabetically & View option 48, ProductName=School Backpack, TCID=TC18, SheetName=SortandView, ViewValue=48, Runmode=Yes, UserName=srikanthtesting100@gmail.com, Password=cGFzc3dvcmQxMjM=, SortValue=Alphabetically by Name}]]>
              </value>
            </param>
          </params>
          <reporter-output>
          </reporter-output>
        </test-method> <!-- TC_SortandViewByoptions -->
        <test-method is-config="true" signature="quit()[pri:0, instance:com.dollardays.testcases.SortandViewTestcases@5aa9e4eb]" started-at="2020-11-10T07:44:02 EST" name="quit" finished-at="2020-11-10T07:44:03 EST" duration-ms="1232" status="PASS">
          <reporter-output>
          </reporter-output>
        </test-method> <!-- quit -->
        <test-method is-config="true" signature="setUpBrowser()[pri:0, instance:com.dollardays.testcases.SortandViewTestcases@5aa9e4eb]" started-at="2020-11-10T07:44:03 EST" name="setUpBrowser" finished-at="2020-11-10T07:44:13 EST" duration-ms="9636" status="PASS">
          <reporter-output>
          </reporter-output>
        </test-method> <!-- setUpBrowser -->
        <test-method signature="TC_SortandViewByoptions(java.util.Hashtable)[pri:0, instance:com.dollardays.testcases.SortandViewTestcases@5aa9e4eb]" started-at="2020-11-10T07:44:13 EST" name="TC_SortandViewByoptions" data-provider="dd-dataprovider" finished-at="2020-11-10T07:44:31 EST" duration-ms="17738" status="PASS">
          <params>
            <param index="0">
              <value>
                <![CDATA[{TestCase=SortBy with CaseQuantity & View option 12, ProductName=School Backpack, TCID=TC19, SheetName=SortandView, ViewValue=12, Runmode=Yes, UserName=srikanthtesting100@gmail.com, Password=cGFzc3dvcmQxMjM=, SortValue=Case Quantity}]]>
              </value>
            </param>
          </params>
          <reporter-output>
          </reporter-output>
        </test-method> <!-- TC_SortandViewByoptions -->
        <test-method is-config="true" signature="quit()[pri:0, instance:com.dollardays.testcases.SortandViewTestcases@5aa9e4eb]" started-at="2020-11-10T07:44:31 EST" name="quit" finished-at="2020-11-10T07:44:32 EST" duration-ms="1252" status="PASS">
          <reporter-output>
          </reporter-output>
        </test-method> <!-- quit -->
        <test-method is-config="true" signature="setUpBrowser()[pri:0, instance:com.dollardays.testcases.SortandViewTestcases@5aa9e4eb]" started-at="2020-11-10T07:44:32 EST" name="setUpBrowser" finished-at="2020-11-10T07:44:42 EST" duration-ms="9796" status="PASS">
          <reporter-output>
          </reporter-output>
        </test-method> <!-- setUpBrowser -->
        <test-method signature="TC_SortandViewByoptions(java.util.Hashtable)[pri:0, instance:com.dollardays.testcases.SortandViewTestcases@5aa9e4eb]" started-at="2020-11-10T07:44:42 EST" name="TC_SortandViewByoptions" data-provider="dd-dataprovider" finished-at="2020-11-10T07:44:57 EST" duration-ms="15652" status="PASS">
          <params>
            <param index="0">
              <value>
                <![CDATA[{TestCase=SortBy with CaseQuantity & View option 24, ProductName=School Backpack, TCID=TC20, SheetName=SortandView, ViewValue=24, Runmode=Yes, UserName=srikanthtesting100@gmail.com, Password=cGFzc3dvcmQxMjM=, SortValue=Case Quantity}]]>
              </value>
            </param>
          </params>
          <reporter-output>
          </reporter-output>
        </test-method> <!-- TC_SortandViewByoptions -->
        <test-method is-config="true" signature="quit()[pri:0, instance:com.dollardays.testcases.SortandViewTestcases@5aa9e4eb]" started-at="2020-11-10T07:44:57 EST" name="quit" finished-at="2020-11-10T07:44:58 EST" duration-ms="1231" status="PASS">
          <reporter-output>
          </reporter-output>
        </test-method> <!-- quit -->
        <test-method is-config="true" signature="setUpBrowser()[pri:0, instance:com.dollardays.testcases.SortandViewTestcases@5aa9e4eb]" started-at="2020-11-10T07:44:58 EST" name="setUpBrowser" finished-at="2020-11-10T07:45:08 EST" duration-ms="9990" status="PASS">
          <reporter-output>
          </reporter-output>
        </test-method> <!-- setUpBrowser -->
        <test-method signature="TC_SortandViewByoptions(java.util.Hashtable)[pri:0, instance:com.dollardays.testcases.SortandViewTestcases@5aa9e4eb]" started-at="2020-11-10T07:45:08 EST" name="TC_SortandViewByoptions" data-provider="dd-dataprovider" finished-at="2020-11-10T07:45:27 EST" duration-ms="18271" status="PASS">
          <params>
            <param index="0">
              <value>
                <![CDATA[{TestCase=SortBy with CaseQuantity & View option 48, ProductName=School Backpack, TCID=TC21, SheetName=SortandView, ViewValue=48, Runmode=Yes, UserName=srikanthtesting100@gmail.com, Password=cGFzc3dvcmQxMjM=, SortValue=Case Quantity}]]>
              </value>
            </param>
          </params>
          <reporter-output>
          </reporter-output>
        </test-method> <!-- TC_SortandViewByoptions -->
        <test-method is-config="true" signature="quit()[pri:0, instance:com.dollardays.testcases.SortandViewTestcases@5aa9e4eb]" started-at="2020-11-10T07:45:27 EST" name="quit" finished-at="2020-11-10T07:45:28 EST" duration-ms="1479" status="PASS">
          <reporter-output>
          </reporter-output>
        </test-method> <!-- quit -->
        <test-method is-config="true" signature="afterClass()[pri:0, instance:com.dollardays.testcases.SortandViewTestcases@5aa9e4eb]" started-at="2020-11-10T07:45:28 EST" name="afterClass" finished-at="2020-11-10T07:45:28 EST" duration-ms="1" status="PASS">
          <reporter-output>
          </reporter-output>
        </test-method> <!-- afterClass -->
      </class> <!-- com.dollardays.testcases.SortandViewTestcases -->
    </test> <!-- Dollar Days Test -->
  </suite> <!-- Suite -->
</testng-results>
